<?xml version="1.0" encoding="UTF-8"?>
<testng-results skipped="0" failed="0" ignored="0" total="1" passed="1">
  <reporter-output>
    <line>
      <![CDATA[Total number of links=165]]>
    </line>
    <line>
      <![CDATA[Title is matching]]>
    </line>
  </reporter-output>
  <suite name="Default suite" duration-ms="10246" started-at="2018-08-20T12:59:10Z" finished-at="2018-08-20T12:59:20Z">
    <groups>
    </groups>
    <test name="Default test" duration-ms="10246" started-at="2018-08-20T12:59:10Z" finished-at="2018-08-20T12:59:20Z">
      <class name="testscript.TwitterTest">
        <test-method status="PASS" signature="launch()[pri:0, instance:testscript.TwitterTest@5c3bd550]" name="launch" is-config="true" duration-ms="6272" started-at="2018-08-20T12:59:10Z" finished-at="2018-08-20T12:59:16Z">
          <reporter-output>
          </reporter-output>
        </test-method> <!-- launch -->
        <test-method status="PASS" signature="twitterTest()[pri:0, instance:testscript.TwitterTest@5c3bd550]" name="twitterTest" duration-ms="2885" started-at="2018-08-20T12:59:16Z" finished-at="2018-08-20T12:59:19Z">
          <reporter-output>
            <line>
              <![CDATA[Total number of links=165]]>
            </line>
            <line>
              <![CDATA[Title is matching]]>
            </line>
          </reporter-output>
        </test-method> <!-- twitterTest -->
        <test-method status="PASS" signature="closeBrowser()[pri:0, instance:testscript.TwitterTest@5c3bd550]" name="closeBrowser" is-config="true" duration-ms="1042" started-at="2018-08-20T12:59:19Z" finished-at="2018-08-20T12:59:20Z">
          <reporter-output>
          </reporter-output>
        </test-method> <!-- closeBrowser -->
      </class> <!-- testscript.TwitterTest -->
    </test> <!-- Default test -->
  </suite> <!-- Default suite -->
</testng-results>
